cl : Command line warning D9035: option 'Gm' has been deprecated and will be removed in a future release
  worldqtree.cpp
  worldmeshbuilder.cpp
  worker.cpp
  unzip.cpp
  uidrawcontext.cpp
d:\eihortdev\src\src\uidrawcontext.cpp(141): warning C4244: 'initializing': conversion from 'float' to 'unsigned int', possible loss of data
d:\eihortdev\src\src\uidrawcontext.cpp(142): warning C4244: 'initializing': conversion from 'float' to 'unsigned int', possible loss of data
d:\eihortdev\src\src\uidrawcontext.cpp(143): warning C4244: 'initializing': conversion from 'float' to 'unsigned int', possible loss of data
d:\eihortdev\src\src\uidrawcontext.cpp(144): warning C4244: 'initializing': conversion from 'double' to 'unsigned int', possible loss of data
  sky.cpp
  nbt.cpp
  worldmesh.cpp
  mcregionmap.cpp
  mcmap.cpp
  mcblockdesc.cpp
  mcbiome.cpp
  main.cpp
  luaui.cpp
  luanbt.cpp
  luaimage.cpp
  luafindfile.cpp
  lightmodel.cpp
  json.cpp
  glshader.cpp
  Generating Code...
  Compiling...
  geomsolid.cpp
  geomsimple.cpp
  geombase.cpp
  geomadapter.cpp
  eihortshader.cpp
  Generating Code...
cl : Command line warning D9035: option 'Gm' has been deprecated and will be removed in a future release
  triangle.c
eihortshader.obj : warning LNK4075: ignoring '/EDITANDCONTINUE' due to '/SAFESEH' specification
  lua.lib(lapi.obj) : MSIL .netmodule or module compiled with /GL found; restarting link with /LTCG; add /LTCG to the link command line to improve linker performance
LINK : warning LNK4075: ignoring '/INCREMENTAL' due to '/LTCG' specification
eihortshader.obj : warning LNK4075: ignoring '/EDITANDCONTINUE' due to '/SAFESEH' specification
LINK : fatal error C1900: Il mismatch between 'P1' version '20190715' and 'P2' version '20180423'
LINK : fatal error LNK1257: code generation failed
