d:\eihortdev\win32\debug\vc141.pdb
d:\eihortdev\win32\debug\vc141.idb
d:\eihortdev\win32\debug\glshader.obj
d:\eihortdev\win32\debug\json.obj
d:\eihortdev\win32\debug\lightmodel.obj
d:\eihortdev\win32\debug\luafindfile.obj
d:\eihortdev\win32\debug\luaimage.obj
d:\eihortdev\win32\debug\luanbt.obj
d:\eihortdev\win32\debug\luaui.obj
d:\eihortdev\win32\debug\main.obj
d:\eihortdev\win32\debug\mcbiome.obj
d:\eihortdev\win32\debug\mcblockdesc.obj
d:\eihortdev\win32\debug\mcmap.obj
d:\eihortdev\win32\debug\mcregionmap.obj
d:\eihortdev\win32\debug\worldmesh.obj
d:\eihortdev\win32\debug\nbt.obj
d:\eihortdev\win32\debug\sky.obj
d:\eihortdev\win32\debug\uidrawcontext.obj
d:\eihortdev\win32\debug\unzip.obj
d:\eihortdev\win32\debug\worker.obj
d:\eihortdev\win32\debug\worldmeshbuilder.obj
d:\eihortdev\win32\debug\worldqtree.obj
d:\eihortdev\win32\debug\eihortshader.obj
d:\eihortdev\win32\debug\geomadapter.obj
d:\eihortdev\win32\debug\geombase.obj
d:\eihortdev\win32\debug\geomsimple.obj
d:\eihortdev\win32\debug\geomsolid.obj
d:\eihortdev\win32\debug\triangle.obj
d:\eihortdev\win32\debug\eihort.res
d:\eihortdev\win32\debug\eihort.tlog\cl.command.1.tlog
d:\eihortdev\win32\debug\eihort.tlog\cl.read.1.tlog
d:\eihortdev\win32\debug\eihort.tlog\cl.write.1.tlog
d:\eihortdev\win32\debug\eihort.tlog\link-cvtres.read.1.tlog
d:\eihortdev\win32\debug\eihort.tlog\link-cvtres.write.1.tlog
d:\eihortdev\win32\debug\eihort.tlog\link-rc.read.1.tlog
d:\eihortdev\win32\debug\eihort.tlog\link-rc.write.1.tlog
d:\eihortdev\win32\debug\eihort.tlog\link.command.1.tlog
d:\eihortdev\win32\debug\eihort.tlog\link.read.1.tlog
d:\eihortdev\win32\debug\eihort.tlog\link.write.1.tlog
d:\eihortdev\win32\debug\eihort.tlog\rc.command.1.tlog
d:\eihortdev\win32\debug\eihort.tlog\rc.read.1.tlog
d:\eihortdev\win32\debug\eihort.tlog\rc.write.1.tlog
